<?xml version="1.0" encoding="UTF-8"?>
<!-- Generated by org.testng.reporters.JUnitReportReporter -->
<testsuite hostname="LAPTOP-9FDKH1JV" failures="0" tests="2" name="com.testserver.testcases.ZLogout_Test" time="0.000" errors="0" timestamp="2024-06-05T14:03:07 IST" skipped="2">
  <testcase classname="com.testserver.testcases.ZLogout_Test" name="logout" time="0.000">
    <skipped/>
  </testcase> <!-- logout -->
  <system-out/>
  <testcase classname="com.testserver.testcases.ZLogout_Test" name="Logout_Test" time="0.000">
    <skipped/>
  </testcase> <!-- Logout_Test -->
  <system-out/>
</testsuite> <!-- com.testserver.testcases.ZLogout_Test -->
