<?xml version="1.0" encoding="UTF-8"?>
<!-- Generated by org.testng.reporters.JUnitReportReporter -->
<testsuite hostname="DESKTOP-RVJV18D" failures="0" tests="14" name="com.testserver.testcases.FRTV_Test" time="22.322" errors="0" timestamp="2024-03-25T11:00:36 IST" skipped="0">
  <testcase classname="com.testserver.testcases.FRTV_Test" name="RTV" time="2.178"/>
  <testcase classname="com.testserver.testcases.FRTV_Test" name="rtvSelectItem" time="2.567"/>
  <testcase classname="com.testserver.testcases.FRTV_Test" name="RTVSetDisposition" time="1.741"/>
  <testcase classname="com.testserver.testcases.FRTV_Test" name="RTVDispoToInsurance" time="1.727"/>
  <testcase classname="com.testserver.testcases.FRTV_Test" name="RTVAddRemarks" time="1.032"/>
  <testcase classname="com.testserver.testcases.FRTV_Test" name="RTVAttachDoc" time="2.845"/>
  <testcase classname="com.testserver.testcases.FRTV_Test" name="RTVConfirm" time="1.825"/>
  <testcase classname="com.testserver.testcases.FRTV_Test" name="rtvSelectItemForDispatch" time="2.205"/>
  <testcase classname="com.testserver.testcases.FRTV_Test" name="RTVMoveToDispatch" time="1.272"/>
  <testcase classname="com.testserver.testcases.FRTV_Test" name="RTVVendorcode" time="0.508"/>
  <testcase classname="com.testserver.testcases.FRTV_Test" name="RTVVendorDropdown" time="0.378"/>
  <testcase classname="com.testserver.testcases.FRTV_Test" name="RTVLotName" time="1.013"/>
  <testcase classname="com.testserver.testcases.FRTV_Test" name="RTVConfirmDispatch" time="1.199"/>
  <testcase classname="com.testserver.testcases.FRTV_Test" name="RTVDispatchOkbutton" time="1.832"/>
</testsuite> <!-- com.testserver.testcases.FRTV_Test -->
