<?xml version="1.0" encoding="UTF-8"?>
<!-- Generated by org.testng.reporters.JUnitReportReporter -->
<testsuite hostname="DESKTOP-RVJV18D" failures="0" tests="32" name="com.testserver.testcases.CBrandcalllog_Test" time="46.823" errors="0" timestamp="2024-03-25T00:01:02 IST" skipped="0">
  <testcase classname="com.testserver.testcases.CBrandcalllog_Test" name="clickBCL" time="3.305"/>
  <testcase classname="com.testserver.testcases.CBrandcalllog_Test" name="bclSelectTag" time="2.058"/>
  <testcase classname="com.testserver.testcases.CBrandcalllog_Test" name="bclUpdateIntiation" time="0.832"/>
  <testcase classname="com.testserver.testcases.CBrandcalllog_Test" name="bclEmailDate" time="3.708"/>
  <testcase classname="com.testserver.testcases.CBrandcalllog_Test" name="bclInitiationLocation" time="1.207"/>
  <testcase classname="com.testserver.testcases.CBrandcalllog_Test" name="bclLocationInhouse" time="0.137"/>
  <testcase classname="com.testserver.testcases.CBrandcalllog_Test" name="bclAddremarks" time="1.337"/>
  <testcase classname="com.testserver.testcases.CBrandcalllog_Test" name="bclFirstConfirm" time="0.546">
    <system-out>
      <![CDATA[BCL Fisrt screen updated succussfully]]>
    </system-out>
  </testcase> <!-- bclFirstConfirm -->
  <testcase classname="com.testserver.testcases.CBrandcalllog_Test" name="bclSelectItem" time="1.778"/>
  <testcase classname="com.testserver.testcases.CBrandcalllog_Test" name="bclUpdateCallLogTag" time="1.196"/>
  <testcase classname="com.testserver.testcases.CBrandcalllog_Test" name="bclEnterCallLog" time="1.071"/>
  <testcase classname="com.testserver.testcases.CBrandcalllog_Test" name="bclUpdateSecond" time="0.434"/>
  <testcase classname="com.testserver.testcases.CBrandcalllog_Test" name="bclInspectionSelectTag" time="1.990"/>
  <testcase classname="com.testserver.testcases.CBrandcalllog_Test" name="bclInspectionUpdate" time="0.695"/>
  <testcase classname="com.testserver.testcases.CBrandcalllog_Test" name="bclEnterInvoice" time="1.126"/>
  <testcase classname="com.testserver.testcases.CBrandcalllog_Test" name="bclInspectionThird" time="0.457"/>
  <testcase classname="com.testserver.testcases.CBrandcalllog_Test" name="bclSelectTagBrand" time="1.346"/>
  <testcase classname="com.testserver.testcases.CBrandcalllog_Test" name="bclInspectionBrandInspection" time="0.667"/>
  <testcase classname="com.testserver.testcases.CBrandcalllog_Test" name="bclBrandInspectionDate" time="4.028"/>
  <testcase classname="com.testserver.testcases.CBrandcalllog_Test" name="bclBrandInspectionLocation" time="0.731"/>
  <testcase classname="com.testserver.testcases.CBrandcalllog_Test" name="bclBrandLocationInhouse" time="0.222"/>
  <testcase classname="com.testserver.testcases.CBrandcalllog_Test" name="bclBrandInspectionRemarks" time="1.213"/>
  <testcase classname="com.testserver.testcases.CBrandcalllog_Test" name="bclBrandInspectionAttachDoc" time="3.449"/>
  <testcase classname="com.testserver.testcases.CBrandcalllog_Test" name="bclBrandInspectionConfirm" time="1.700"/>
  <testcase classname="com.testserver.testcases.CBrandcalllog_Test" name="bclResolutionSelectItem" time="2.444"/>
  <testcase classname="com.testserver.testcases.CBrandcalllog_Test" name="bclBrandResolution" time="1.278"/>
  <testcase classname="com.testserver.testcases.CBrandcalllog_Test" name="bclBrandInspectionSetDisposition" time="0.171"/>
  <testcase classname="com.testserver.testcases.CBrandcalllog_Test" name="bclBrandSetDispoInsurance" time="0.734"/>
  <testcase classname="com.testserver.testcases.CBrandcalllog_Test" name="bclBrandResolutionRemarks" time="0.952"/>
  <testcase classname="com.testserver.testcases.CBrandcalllog_Test" name="bclBrandResolutionAttachDoc" time="2.878"/>
  <testcase classname="com.testserver.testcases.CBrandcalllog_Test" name="bclBrandResolutionConfirm" time="0.727"/>
  <testcase classname="com.testserver.testcases.CBrandcalllog_Test" name="Disposition" time="2.406"/>
  <system-out>
    <![CDATA[BCL Fisrt screen updated succussfully]]>
  </system-out>
</testsuite> <!-- com.testserver.testcases.CBrandcalllog_Test -->
