<?xml version="1.0" encoding="UTF-8"?>
<!-- Generated by org.testng.reporters.JUnitReportReporter -->
<testsuite hostname="DESKTOP-RVJV18D" failures="0" tests="1" name="com.testserver.testcases.BDisposition_Test" time="4.751" errors="0" timestamp="2024-03-25T11:00:36 IST" skipped="0">
  <testcase classname="com.testserver.testcases.BDisposition_Test" name="clickOnDispositionlinkTest" time="4.751"/>
</testsuite> <!-- com.testserver.testcases.BDisposition_Test -->
