<?xml version="1.0" encoding="UTF-8"?>
<!-- Generated by org.testng.reporters.JUnitReportReporter -->
<testsuite hostname="DESKTOP-RVJV18D" failures="0" tests="1" name="com.testserver.testcases.Login_QATest" time="8.170" errors="0" timestamp="2024-03-09T11:23:07 IST" skipped="0">
  <testcase classname="com.testserver.testcases.Login_QATest" name="loginTest" time="8.170">
    <system-out>
      <![CDATA[Logined succussfully]]>
    </system-out>
  </testcase> <!-- loginTest -->
  <system-out>
    <![CDATA[Logined succussfully]]>
  </system-out>
</testsuite> <!-- com.testserver.testcases.Login_QATest -->
