<?xml version="1.0" encoding="UTF-8"?>
<!-- Generated by org.testng.reporters.JUnitReportReporter -->
<testsuite hostname="DESKTOP-RVJV18D" failures="0" tests="29" name="com.testserver.testcases.DInsurance_Test" time="69.615" errors="0" timestamp="2024-03-25T00:01:02 IST" skipped="0">
  <testcase classname="com.testserver.testcases.DInsurance_Test" name="Insurance1" time="2.250"/>
  <testcase classname="com.testserver.testcases.DInsurance_Test" name="insuSelectItem" time="2.758"/>
  <testcase classname="com.testserver.testcases.DInsurance_Test" name="insuClaimSubmitionDate" time="5.086"/>
  <testcase classname="com.testserver.testcases.DInsurance_Test" name="insuClaimAmount" time="1.414"/>
  <testcase classname="com.testserver.testcases.DInsurance_Test" name="insuAddRemarks" time="1.452"/>
  <testcase classname="com.testserver.testcases.DInsurance_Test" name="insuAttachDoc" time="2.705"/>
  <testcase classname="com.testserver.testcases.DInsurance_Test" name="insuConfirmFirst" time="1.666"/>
  <testcase classname="com.testserver.testcases.DInsurance_Test" name="insuUpdateCallSelectItem" time="2.194"/>
  <testcase classname="com.testserver.testcases.DInsurance_Test" name="insuUpdateClaimCallLog" time="1.211"/>
  <testcase classname="com.testserver.testcases.DInsurance_Test" name="insuEnterCallLog" time="1.056"/>
  <testcase classname="com.testserver.testcases.DInsurance_Test" name="insuConfirmSecond" time="0.626"/>
  <testcase classname="com.testserver.testcases.DInsurance_Test" name="insuSurveyorSelectItem" time="2.278"/>
  <testcase classname="com.testserver.testcases.DInsurance_Test" name="insuSurveyorClaimInspectionDate" time="6.832"/>
  <testcase classname="com.testserver.testcases.DInsurance_Test" name="InsuSurveyorAddRemarks" time="0.923"/>
  <testcase classname="com.testserver.testcases.DInsurance_Test" name="insuAttachDocInspection" time="3.142"/>
  <testcase classname="com.testserver.testcases.DInsurance_Test" name="insuConfirmThird" time="1.216"/>
  <testcase classname="com.testserver.testcases.DInsurance_Test" name="insuClaimResolutionApprove" time="4.924"/>
  <testcase classname="com.testserver.testcases.DInsurance_Test" name="insuClaimResolutionApprovelDate" time="6.021"/>
  <testcase classname="com.testserver.testcases.DInsurance_Test" name="insuClaimResolutionApprovedAmount" time="0.417"/>
  <testcase classname="com.testserver.testcases.DInsurance_Test" name="insuClaimResolutionAddRemarks" time="0.489"/>
  <testcase classname="com.testserver.testcases.DInsurance_Test" name="insuAttachDocClaimresolution" time="3.218"/>
  <testcase classname="com.testserver.testcases.DInsurance_Test" name="insuConfirmFourth" time="1.681"/>
  <testcase classname="com.testserver.testcases.DInsurance_Test" name="insuPendingLiquidationSelectItem" time="4.210"/>
  <testcase classname="com.testserver.testcases.DInsurance_Test" name="insuPendingLiquidSetDisposition" time="1.244"/>
  <testcase classname="com.testserver.testcases.DInsurance_Test" name="insuSetDispositionLiquidation" time="1.244"/>
  <testcase classname="com.testserver.testcases.DInsurance_Test" name="insuPendingLiquidationAddRemarks" time="2.117"/>
  <testcase classname="com.testserver.testcases.DInsurance_Test" name="insuAttachDocPendingLiqui" time="3.166"/>
  <testcase classname="com.testserver.testcases.DInsurance_Test" name="insuConfirm5th" time="1.772"/>
  <testcase classname="com.testserver.testcases.DInsurance_Test" name="Disposition" time="2.303"/>
  <system-out>
    <![CDATA[BCL Fisrt screen updated succussfully]]>
  </system-out>
</testsuite> <!-- com.testserver.testcases.DInsurance_Test -->
