<?xml version="1.0" encoding="UTF-8"?>
<!-- Generated by org.testng.reporters.JUnitReportReporter -->
<<<<<<< HEAD
<testsuite hostname="DESKTOP-RVJV18D" failures="0" tests="32" name="com.testserver.testcases.CBrandcalllog_Test" time="46.823" errors="0" timestamp="2024-03-25T00:01:02 IST" skipped="0">
  <testcase classname="com.testserver.testcases.CBrandcalllog_Test" name="clickBCL" time="3.305"/>
  <testcase classname="com.testserver.testcases.CBrandcalllog_Test" name="bclSelectTag" time="2.058"/>
  <testcase classname="com.testserver.testcases.CBrandcalllog_Test" name="bclUpdateIntiation" time="0.832"/>
  <testcase classname="com.testserver.testcases.CBrandcalllog_Test" name="bclEmailDate" time="3.708"/>
  <testcase classname="com.testserver.testcases.CBrandcalllog_Test" name="bclInitiationLocation" time="1.207"/>
  <testcase classname="com.testserver.testcases.CBrandcalllog_Test" name="bclLocationInhouse" time="0.137"/>
  <testcase classname="com.testserver.testcases.CBrandcalllog_Test" name="bclAddremarks" time="1.337"/>
  <testcase classname="com.testserver.testcases.CBrandcalllog_Test" name="bclFirstConfirm" time="0.546">
    <system-out>
      <![CDATA[BCL Fisrt screen updated succussfully]]>
    </system-out>
  </testcase> <!-- bclFirstConfirm -->
  <testcase classname="com.testserver.testcases.CBrandcalllog_Test" name="bclSelectItem" time="1.778"/>
  <testcase classname="com.testserver.testcases.CBrandcalllog_Test" name="bclUpdateCallLogTag" time="1.196"/>
  <testcase classname="com.testserver.testcases.CBrandcalllog_Test" name="bclEnterCallLog" time="1.071"/>
  <testcase classname="com.testserver.testcases.CBrandcalllog_Test" name="bclUpdateSecond" time="0.434"/>
  <testcase classname="com.testserver.testcases.CBrandcalllog_Test" name="bclInspectionSelectTag" time="1.990"/>
  <testcase classname="com.testserver.testcases.CBrandcalllog_Test" name="bclInspectionUpdate" time="0.695"/>
  <testcase classname="com.testserver.testcases.CBrandcalllog_Test" name="bclEnterInvoice" time="1.126"/>
  <testcase classname="com.testserver.testcases.CBrandcalllog_Test" name="bclInspectionThird" time="0.457"/>
  <testcase classname="com.testserver.testcases.CBrandcalllog_Test" name="bclSelectTagBrand" time="1.346"/>
  <testcase classname="com.testserver.testcases.CBrandcalllog_Test" name="bclInspectionBrandInspection" time="0.667"/>
  <testcase classname="com.testserver.testcases.CBrandcalllog_Test" name="bclBrandInspectionDate" time="4.028"/>
  <testcase classname="com.testserver.testcases.CBrandcalllog_Test" name="bclBrandInspectionLocation" time="0.731"/>
  <testcase classname="com.testserver.testcases.CBrandcalllog_Test" name="bclBrandLocationInhouse" time="0.222"/>
  <testcase classname="com.testserver.testcases.CBrandcalllog_Test" name="bclBrandInspectionRemarks" time="1.213"/>
  <testcase classname="com.testserver.testcases.CBrandcalllog_Test" name="bclBrandInspectionAttachDoc" time="3.449"/>
  <testcase classname="com.testserver.testcases.CBrandcalllog_Test" name="bclBrandInspectionConfirm" time="1.700"/>
  <testcase classname="com.testserver.testcases.CBrandcalllog_Test" name="bclResolutionSelectItem" time="2.444"/>
  <testcase classname="com.testserver.testcases.CBrandcalllog_Test" name="bclBrandResolution" time="1.278"/>
  <testcase classname="com.testserver.testcases.CBrandcalllog_Test" name="bclBrandInspectionSetDisposition" time="0.171"/>
  <testcase classname="com.testserver.testcases.CBrandcalllog_Test" name="bclBrandSetDispoInsurance" time="0.734"/>
  <testcase classname="com.testserver.testcases.CBrandcalllog_Test" name="bclBrandResolutionRemarks" time="0.952"/>
  <testcase classname="com.testserver.testcases.CBrandcalllog_Test" name="bclBrandResolutionAttachDoc" time="2.878"/>
  <testcase classname="com.testserver.testcases.CBrandcalllog_Test" name="bclBrandResolutionConfirm" time="0.727"/>
  <testcase classname="com.testserver.testcases.CBrandcalllog_Test" name="Disposition" time="2.406"/>
  <system-out>
    <![CDATA[BCL Fisrt screen updated succussfully]]>
  </system-out>
=======
<testsuite hostname="LAPTOP-9FDKH1JV" failures="0" tests="32" name="com.testserver.testcases.CBrandcalllog_Test" time="0.000" errors="0" timestamp="2024-06-05T14:03:07 IST" skipped="32">
  <testcase classname="com.testserver.testcases.CBrandcalllog_Test" name="clickBCL" time="0.000">
    <skipped/>
  </testcase> <!-- clickBCL -->
  <system-out/>
  <testcase classname="com.testserver.testcases.CBrandcalllog_Test" name="bclSelectTag" time="0.000">
    <skipped/>
  </testcase> <!-- bclSelectTag -->
  <system-out/>
  <testcase classname="com.testserver.testcases.CBrandcalllog_Test" name="bclUpdateIntiation" time="0.000">
    <skipped/>
  </testcase> <!-- bclUpdateIntiation -->
  <system-out/>
  <testcase classname="com.testserver.testcases.CBrandcalllog_Test" name="bclEmailDate" time="0.000">
    <skipped/>
  </testcase> <!-- bclEmailDate -->
  <system-out/>
  <testcase classname="com.testserver.testcases.CBrandcalllog_Test" name="bclInitiationLocation" time="0.000">
    <skipped/>
  </testcase> <!-- bclInitiationLocation -->
  <system-out/>
  <testcase classname="com.testserver.testcases.CBrandcalllog_Test" name="bclLocationInhouse" time="0.000">
    <skipped/>
  </testcase> <!-- bclLocationInhouse -->
  <system-out/>
  <testcase classname="com.testserver.testcases.CBrandcalllog_Test" name="bclAddremarks" time="0.000">
    <skipped/>
  </testcase> <!-- bclAddremarks -->
  <system-out/>
  <testcase classname="com.testserver.testcases.CBrandcalllog_Test" name="bclFirstConfirm" time="0.000">
    <skipped/>
  </testcase> <!-- bclFirstConfirm -->
  <system-out/>
  <testcase classname="com.testserver.testcases.CBrandcalllog_Test" name="bclSelectItem" time="0.000">
    <skipped/>
  </testcase> <!-- bclSelectItem -->
  <system-out/>
  <testcase classname="com.testserver.testcases.CBrandcalllog_Test" name="bclUpdateCallLogTag" time="0.000">
    <skipped/>
  </testcase> <!-- bclUpdateCallLogTag -->
  <system-out/>
  <testcase classname="com.testserver.testcases.CBrandcalllog_Test" name="bclEnterCallLog" time="0.000">
    <skipped/>
  </testcase> <!-- bclEnterCallLog -->
  <system-out/>
  <testcase classname="com.testserver.testcases.CBrandcalllog_Test" name="bclUpdateSecond" time="0.000">
    <skipped/>
  </testcase> <!-- bclUpdateSecond -->
  <system-out/>
  <testcase classname="com.testserver.testcases.CBrandcalllog_Test" name="bclInspectionSelectTag" time="0.000">
    <skipped/>
  </testcase> <!-- bclInspectionSelectTag -->
  <system-out/>
  <testcase classname="com.testserver.testcases.CBrandcalllog_Test" name="bclInspectionUpdate" time="0.000">
    <skipped/>
  </testcase> <!-- bclInspectionUpdate -->
  <system-out/>
  <testcase classname="com.testserver.testcases.CBrandcalllog_Test" name="bclEnterInvoice" time="0.000">
    <skipped/>
  </testcase> <!-- bclEnterInvoice -->
  <system-out/>
  <testcase classname="com.testserver.testcases.CBrandcalllog_Test" name="bclInspectionThird" time="0.000">
    <skipped/>
  </testcase> <!-- bclInspectionThird -->
  <system-out/>
  <testcase classname="com.testserver.testcases.CBrandcalllog_Test" name="bclSelectTagBrand" time="0.000">
    <skipped/>
  </testcase> <!-- bclSelectTagBrand -->
  <system-out/>
  <testcase classname="com.testserver.testcases.CBrandcalllog_Test" name="bclInspectionBrandInspection" time="0.000">
    <skipped/>
  </testcase> <!-- bclInspectionBrandInspection -->
  <system-out/>
  <testcase classname="com.testserver.testcases.CBrandcalllog_Test" name="bclBrandInspectionDate" time="0.000">
    <skipped/>
  </testcase> <!-- bclBrandInspectionDate -->
  <system-out/>
  <testcase classname="com.testserver.testcases.CBrandcalllog_Test" name="bclBrandInspectionLocation" time="0.000">
    <skipped/>
  </testcase> <!-- bclBrandInspectionLocation -->
  <system-out/>
  <testcase classname="com.testserver.testcases.CBrandcalllog_Test" name="bclBrandLocationInhouse" time="0.000">
    <skipped/>
  </testcase> <!-- bclBrandLocationInhouse -->
  <system-out/>
  <testcase classname="com.testserver.testcases.CBrandcalllog_Test" name="bclBrandInspectionRemarks" time="0.000">
    <skipped/>
  </testcase> <!-- bclBrandInspectionRemarks -->
  <system-out/>
  <testcase classname="com.testserver.testcases.CBrandcalllog_Test" name="bclBrandInspectionAttachDoc" time="0.000">
    <skipped/>
  </testcase> <!-- bclBrandInspectionAttachDoc -->
  <system-out/>
  <testcase classname="com.testserver.testcases.CBrandcalllog_Test" name="bclBrandInspectionConfirm" time="0.000">
    <skipped/>
  </testcase> <!-- bclBrandInspectionConfirm -->
  <system-out/>
  <testcase classname="com.testserver.testcases.CBrandcalllog_Test" name="bclResolutionSelectItem" time="0.000">
    <skipped/>
  </testcase> <!-- bclResolutionSelectItem -->
  <system-out/>
  <testcase classname="com.testserver.testcases.CBrandcalllog_Test" name="bclBrandResolution" time="0.000">
    <skipped/>
  </testcase> <!-- bclBrandResolution -->
  <system-out/>
  <testcase classname="com.testserver.testcases.CBrandcalllog_Test" name="bclBrandInspectionSetDisposition" time="0.000">
    <skipped/>
  </testcase> <!-- bclBrandInspectionSetDisposition -->
  <system-out/>
  <testcase classname="com.testserver.testcases.CBrandcalllog_Test" name="bclBrandSetDispoInsurance" time="0.000">
    <skipped/>
  </testcase> <!-- bclBrandSetDispoInsurance -->
  <system-out/>
  <testcase classname="com.testserver.testcases.CBrandcalllog_Test" name="bclBrandResolutionRemarks" time="0.000">
    <skipped/>
  </testcase> <!-- bclBrandResolutionRemarks -->
  <system-out/>
  <testcase classname="com.testserver.testcases.CBrandcalllog_Test" name="bclBrandResolutionAttachDoc" time="0.000">
    <skipped/>
  </testcase> <!-- bclBrandResolutionAttachDoc -->
  <system-out/>
  <testcase classname="com.testserver.testcases.CBrandcalllog_Test" name="bclBrandResolutionConfirm" time="0.000">
    <skipped/>
  </testcase> <!-- bclBrandResolutionConfirm -->
  <system-out/>
  <testcase classname="com.testserver.testcases.CBrandcalllog_Test" name="Disposition" time="0.000">
    <skipped/>
  </testcase> <!-- Disposition -->
  <system-out/>
>>>>>>> d10113d (First commit msg)
</testsuite> <!-- com.testserver.testcases.CBrandcalllog_Test -->
