<?xml version="1.0" encoding="UTF-8"?>
<!-- Generated by org.testng.reporters.JUnitReportReporter -->
<testsuite hostname="DESKTOP-RVJV18D" failures="0" tests="2" name="com.testserver.testcases.ZLogout_Test" time="2.239" errors="0" timestamp="2024-04-17T10:31:40 IST" skipped="0">
  <testcase classname="com.testserver.testcases.ZLogout_Test" name="logout" time="1.093"/>
  <testcase classname="com.testserver.testcases.ZLogout_Test" name="Logout_Test" time="1.146"/>
  <system-out>
    <![CDATA[BCL Fisrt screen updated succussfully]]>
  </system-out>
</testsuite> <!-- com.testserver.testcases.ZLogout_Test -->
