<?xml version="1.0" encoding="UTF-8"?>
<!-- Generated by org.testng.reporters.JUnitReportReporter -->
<testsuite hostname="DESKTOP-RVJV18D" failures="0" tests="29" name="com.testserver.testcases.DInsurance_Test" time="67.133" errors="0" timestamp="2024-04-17T10:31:40 IST" skipped="0">
  <testcase classname="com.testserver.testcases.DInsurance_Test" name="Insurance1" time="2.041"/>
  <testcase classname="com.testserver.testcases.DInsurance_Test" name="insuSelectItem" time="3.674"/>
  <testcase classname="com.testserver.testcases.DInsurance_Test" name="insuClaimSubmitionDate" time="4.367"/>
  <testcase classname="com.testserver.testcases.DInsurance_Test" name="insuClaimAmount" time="1.249"/>
  <testcase classname="com.testserver.testcases.DInsurance_Test" name="insuAddRemarks" time="1.243"/>
  <testcase classname="com.testserver.testcases.DInsurance_Test" name="insuAttachDoc" time="2.622"/>
  <testcase classname="com.testserver.testcases.DInsurance_Test" name="insuConfirmFirst" time="1.691"/>
  <testcase classname="com.testserver.testcases.DInsurance_Test" name="insuUpdateCallSelectItem" time="2.418"/>
  <testcase classname="com.testserver.testcases.DInsurance_Test" name="insuUpdateClaimCallLog" time="1.095"/>
  <testcase classname="com.testserver.testcases.DInsurance_Test" name="insuEnterCallLog" time="0.835"/>
  <testcase classname="com.testserver.testcases.DInsurance_Test" name="insuConfirmSecond" time="0.622"/>
  <testcase classname="com.testserver.testcases.DInsurance_Test" name="insuSurveyorSelectItem" time="2.144"/>
  <testcase classname="com.testserver.testcases.DInsurance_Test" name="insuSurveyorClaimInspectionDate" time="6.405"/>
  <testcase classname="com.testserver.testcases.DInsurance_Test" name="InsuSurveyorAddRemarks" time="0.787"/>
  <testcase classname="com.testserver.testcases.DInsurance_Test" name="insuAttachDocInspection" time="3.129"/>
  <testcase classname="com.testserver.testcases.DInsurance_Test" name="insuConfirmThird" time="1.143"/>
  <testcase classname="com.testserver.testcases.DInsurance_Test" name="insuClaimResolutionApprove" time="6.010"/>
  <testcase classname="com.testserver.testcases.DInsurance_Test" name="insuClaimResolutionApprovelDate" time="5.307"/>
  <testcase classname="com.testserver.testcases.DInsurance_Test" name="insuClaimResolutionApprovedAmount" time="0.176"/>
  <testcase classname="com.testserver.testcases.DInsurance_Test" name="insuClaimResolutionAddRemarks" time="0.256"/>
  <testcase classname="com.testserver.testcases.DInsurance_Test" name="insuAttachDocClaimresolution" time="3.151"/>
  <testcase classname="com.testserver.testcases.DInsurance_Test" name="insuConfirmFourth" time="1.642"/>
  <testcase classname="com.testserver.testcases.DInsurance_Test" name="insuPendingLiquidationSelectItem" time="4.106"/>
  <testcase classname="com.testserver.testcases.DInsurance_Test" name="insuPendingLiquidSetDisposition" time="1.123"/>
  <testcase classname="com.testserver.testcases.DInsurance_Test" name="insuSetDispositionLiquidation" time="1.152"/>
  <testcase classname="com.testserver.testcases.DInsurance_Test" name="insuPendingLiquidationAddRemarks" time="1.865"/>
  <testcase classname="com.testserver.testcases.DInsurance_Test" name="insuAttachDocPendingLiqui" time="3.156"/>
  <testcase classname="com.testserver.testcases.DInsurance_Test" name="insuConfirm5th" time="1.606"/>
  <testcase classname="com.testserver.testcases.DInsurance_Test" name="Disposition" time="2.118"/>
  <system-out>
    <![CDATA[BCL Fisrt screen updated succussfully]]>
  </system-out>
</testsuite> <!-- com.testserver.testcases.DInsurance_Test -->
