<?xml version="1.0" encoding="UTF-8"?>
<!-- Generated by org.testng.reporters.JUnitReportReporter -->
<<<<<<< HEAD
<testsuite hostname="DESKTOP-RVJV18D" failures="0" tests="2" name="com.testserver.testcases.ZLogout_Test" time="2.239" errors="0" timestamp="2024-04-17T10:31:40 IST" skipped="0">
  <testcase classname="com.testserver.testcases.ZLogout_Test" name="logout" time="1.093"/>
  <testcase classname="com.testserver.testcases.ZLogout_Test" name="Logout_Test" time="1.146"/>
=======
<testsuite hostname="LAPTOP-9FDKH1JV" failures="0" tests="2" name="com.testserver.testcases.ZLogout_Test" time="2.464" errors="0" timestamp="2024-06-05T18:36:28 IST" skipped="0">
  <testcase classname="com.testserver.testcases.ZLogout_Test" name="logout" time="1.366"/>
  <testcase classname="com.testserver.testcases.ZLogout_Test" name="Logout_Test" time="1.098"/>
>>>>>>> d10113d (First commit msg)
  <system-out>
    <![CDATA[BCL Fisrt screen updated succussfully]]>
  </system-out>
</testsuite> <!-- com.testserver.testcases.ZLogout_Test -->
