<?xml version="1.0" encoding="UTF-8"?>
<!-- Generated by org.testng.reporters.JUnitReportReporter -->
<testsuite hostname="DESKTOP-RVJV18D" failures="0" tests="1" name="com.testserver.testcases.BDisposition_Test" time="4.726" errors="0" timestamp="2024-03-10T11:49:38 IST" skipped="0">
  <testcase classname="com.testserver.testcases.BDisposition_Test" name="clickOnDispositionlinkTest" time="4.726"/>
  <system-out>
    <![CDATA[BCL Fisrt screen updated succussfully]]>
  </system-out>
</testsuite> <!-- com.testserver.testcases.BDisposition_Test -->
