<?xml version="1.0" encoding="UTF-8"?>
<!-- Generated by org.testng.reporters.JUnitReportReporter -->
<testsuite hostname="DESKTOP-RVJV18D" failures="0" tests="1" name="com.testserver.testcases.ALogin_QATest" time="8.203" errors="0" timestamp="2024-03-24T15:58:55 IST" skipped="0">
  <testcase classname="com.testserver.testcases.ALogin_QATest" name="loginTest" time="8.203"/>
  <system-out>
    <![CDATA[BCL Fisrt screen updated succussfully]]>
  </system-out>
</testsuite> <!-- com.testserver.testcases.ALogin_QATest -->
