<?xml version="1.0" encoding="UTF-8"?>
<!-- Generated by org.testng.reporters.JUnitReportReporter -->
<<<<<<< HEAD
<testsuite hostname="DESKTOP-RVJV18D" failures="0" tests="1" name="com.testserver.testcases.ALogin_QATest" time="8.229" errors="0" timestamp="2024-04-17T10:31:40 IST" skipped="0">
  <testcase classname="com.testserver.testcases.ALogin_QATest" name="loginTest" time="8.229"/>
=======
<testsuite hostname="LAPTOP-9FDKH1JV" failures="0" tests="1" name="com.testserver.testcases.ALogin_QATest" time="5.086" errors="0" timestamp="2024-06-05T18:36:28 IST" skipped="0">
  <testcase classname="com.testserver.testcases.ALogin_QATest" name="loginTest" time="5.086"/>
>>>>>>> d10113d (First commit msg)
  <system-out>
    <![CDATA[BCL Fisrt screen updated succussfully]]>
  </system-out>
</testsuite> <!-- com.testserver.testcases.ALogin_QATest -->
