<?xml version="1.0" encoding="UTF-8"?>
<!-- Generated by org.testng.reporters.JUnitReportReporter -->
<<<<<<< HEAD
<testsuite hostname="DESKTOP-RVJV18D" failures="0" tests="14" name="com.testserver.testcases.FRTV_Test" time="22.318" errors="0" timestamp="2024-04-17T10:31:40 IST" skipped="0">
  <testcase classname="com.testserver.testcases.FRTV_Test" name="RTV" time="2.185"/>
  <testcase classname="com.testserver.testcases.FRTV_Test" name="rtvSelectItem" time="2.104"/>
  <testcase classname="com.testserver.testcases.FRTV_Test" name="RTVSetDisposition" time="1.614"/>
  <testcase classname="com.testserver.testcases.FRTV_Test" name="RTVDispoToInsurance" time="1.652"/>
  <testcase classname="com.testserver.testcases.FRTV_Test" name="RTVAddRemarks" time="0.799"/>
  <testcase classname="com.testserver.testcases.FRTV_Test" name="RTVAttachDoc" time="2.584"/>
  <testcase classname="com.testserver.testcases.FRTV_Test" name="RTVConfirm" time="1.681"/>
  <testcase classname="com.testserver.testcases.FRTV_Test" name="rtvSelectItemForDispatch" time="2.611"/>
  <testcase classname="com.testserver.testcases.FRTV_Test" name="RTVMoveToDispatch" time="1.169"/>
  <testcase classname="com.testserver.testcases.FRTV_Test" name="RTVVendorcode" time="0.142"/>
  <testcase classname="com.testserver.testcases.FRTV_Test" name="RTVVendorDropdown" time="2.275"/>
  <testcase classname="com.testserver.testcases.FRTV_Test" name="RTVLotName" time="0.757"/>
  <testcase classname="com.testserver.testcases.FRTV_Test" name="RTVConfirmDispatch" time="1.120"/>
  <testcase classname="com.testserver.testcases.FRTV_Test" name="RTVDispatchOkbutton" time="1.625"/>
=======
<testsuite hostname="LAPTOP-9FDKH1JV" failures="0" tests="14" name="com.testserver.testcases.FRTV_Test" time="25.731" errors="0" timestamp="2024-06-05T18:36:28 IST" skipped="0">
  <testcase classname="com.testserver.testcases.FRTV_Test" name="RTV" time="2.148"/>
  <testcase classname="com.testserver.testcases.FRTV_Test" name="rtvSelectItem" time="1.729"/>
  <testcase classname="com.testserver.testcases.FRTV_Test" name="RTVSetDisposition" time="1.620"/>
  <testcase classname="com.testserver.testcases.FRTV_Test" name="RTVDispoToInsurance" time="1.678"/>
  <testcase classname="com.testserver.testcases.FRTV_Test" name="RTVAddRemarks" time="0.848"/>
  <testcase classname="com.testserver.testcases.FRTV_Test" name="RTVAttachDoc" time="2.662"/>
  <testcase classname="com.testserver.testcases.FRTV_Test" name="RTVConfirm" time="2.147"/>
  <testcase classname="com.testserver.testcases.FRTV_Test" name="rtvSelectItemForDispatch" time="3.129"/>
  <testcase classname="com.testserver.testcases.FRTV_Test" name="RTVMoveToDispatch" time="2.187"/>
  <testcase classname="com.testserver.testcases.FRTV_Test" name="RTVVendorcode" time="0.232"/>
  <testcase classname="com.testserver.testcases.FRTV_Test" name="RTVVendorDropdown" time="2.318"/>
  <testcase classname="com.testserver.testcases.FRTV_Test" name="RTVLotName" time="0.844"/>
  <testcase classname="com.testserver.testcases.FRTV_Test" name="RTVConfirmDispatch" time="1.656"/>
  <testcase classname="com.testserver.testcases.FRTV_Test" name="RTVDispatchOkbutton" time="2.533"/>
>>>>>>> d10113d (First commit msg)
  <system-out>
    <![CDATA[BCL Fisrt screen updated succussfully]]>
  </system-out>
</testsuite> <!-- com.testserver.testcases.FRTV_Test -->
