<?xml version="1.0" encoding="UTF-8"?>
<!-- Generated by org.testng.reporters.JUnitReportReporter -->
<<<<<<< HEAD
<testsuite hostname="DESKTOP-RVJV18D" failures="0" tests="1" name="com.testserver.testcases.BDisposition_Test" time="4.733" errors="0" timestamp="2024-04-17T10:31:40 IST" skipped="0">
  <testcase classname="com.testserver.testcases.BDisposition_Test" name="clickOnDispositionlinkTest" time="4.733"/>
=======
<testsuite hostname="LAPTOP-9FDKH1JV" failures="0" tests="1" name="com.testserver.testcases.BDisposition_Test" time="3.689" errors="0" timestamp="2024-06-05T18:36:28 IST" skipped="0">
  <testcase classname="com.testserver.testcases.BDisposition_Test" name="clickOnDispositionlinkTest" time="3.689"/>
>>>>>>> d10113d (First commit msg)
  <system-out>
    <![CDATA[BCL Fisrt screen updated succussfully]]>
  </system-out>
</testsuite> <!-- com.testserver.testcases.BDisposition_Test -->
